{"D:\\My Classes\\7. Testing\\unit and integration testing\\src\\index.ts": {"path":"D:\\My Classes\\7. Testing\\unit and integration testing\\src\\index.ts","statementMap":{"0":{"start":{"line":1,"column":0},"end":{"line":1,"column":30}},"1":{"start":{"line":2,"column":0},"end":{"line":2,"column":38}},"2":{"start":{"line":3,"column":0},"end":{"line":3,"column":38}},"3":{"start":{"line":5,"column":21},"end":{"line":19,"column":1}},"4":{"start":{"line":6,"column":16},"end":{"line":6,"column":25}},"5":{"start":{"line":7,"column":4},"end":{"line":7,"column":28}},"6":{"start":{"line":10,"column":4},"end":{"line":10,"column":14}},"7":{"start":{"line":11,"column":4},"end":{"line":11,"column":14}},"8":{"start":{"line":13,"column":4},"end":{"line":15,"column":null}},"9":{"start":{"line":14,"column":8},"end":{"line":14,"column":34}},"10":{"start":{"line":17,"column":4},"end":{"line":17,"column":15}},"11":{"start":{"line":21,"column":12},"end":{"line":21,"column":26}},"12":{"start":{"line":22,"column":0},"end":{"line":22,"column":19}}},"fnMap":{"0":{"name":"(anonymous_1)","decl":{"start":{"line":5,"column":21},"end":{"line":5,"column":24}},"loc":{"start":{"line":5,"column":26},"end":{"line":19,"column":1}}},"1":{"name":"(anonymous_2)","decl":{"start":{"line":13,"column":17},"end":{"line":13,"column":18}},"loc":{"start":{"line":13,"column":30},"end":{"line":15,"column":5}}}},"branchMap":{},"s":{"0":3,"1":3,"2":3,"3":3,"4":3,"5":3,"6":3,"7":3,"8":3,"9":0,"10":3,"11":3,"12":3},"f":{"0":3,"1":0},"b":{}}
,"D:\\My Classes\\7. Testing\\unit and integration testing\\src\\server.ts": {"path":"D:\\My Classes\\7. Testing\\unit and integration testing\\src\\server.ts","statementMap":{"0":{"start":{"line":1,"column":0},"end":{"line":1,"column":26}},"1":{"start":{"line":3,"column":0},"end":{"line":5,"column":null}},"2":{"start":{"line":4,"column":4},"end":{"line":4,"column":62}}},"fnMap":{"0":{"name":"(anonymous_1)","decl":{"start":{"line":3,"column":17},"end":{"line":3,"column":20}},"loc":{"start":{"line":3,"column":22},"end":{"line":5,"column":1}}}},"branchMap":{},"s":{"0":0,"1":0,"2":0},"f":{"0":0},"b":{}}
,"D:\\My Classes\\7. Testing\\unit and integration testing\\src\\Drizzle\\db.ts": {"path":"D:\\My Classes\\7. Testing\\unit and integration testing\\src\\Drizzle\\db.ts","statementMap":{"0":{"start":{"line":1,"column":0},"end":{"line":1,"column":23}},"1":{"start":{"line":2,"column":0},"end":{"line":2,"column":51}},"2":{"start":{"line":3,"column":0},"end":{"line":3,"column":28}},"3":{"start":{"line":4,"column":0},"end":{"line":4,"column":34}},"4":{"start":{"line":7,"column":13},"end":{"line":9,"column":null}},"5":{"start":{"line":11,"column":13},"end":{"line":13,"column":1}},"6":{"start":{"line":12,"column":4},"end":{"line":12,"column":27}},"7":{"start":{"line":15,"column":0},"end":{"line":15,"column":null}},"8":{"start":{"line":17,"column":11},"end":{"line":17,"column":52}},"9":{"start":{"line":18,"column":0},"end":{"line":18,"column":18}}},"fnMap":{"0":{"name":"(anonymous_9)","decl":{"start":{"line":11,"column":13},"end":{"line":11,"column":18}},"loc":{"start":{"line":11,"column":24},"end":{"line":13,"column":1}}}},"branchMap":{},"s":{"0":3,"1":3,"2":3,"3":3,"4":3,"5":3,"6":3,"7":3,"8":3,"9":3},"f":{"0":3},"b":{}}
,"D:\\My Classes\\7. Testing\\unit and integration testing\\src\\Drizzle\\migrate.ts": {"path":"D:\\My Classes\\7. Testing\\unit and integration testing\\src\\Drizzle\\migrate.ts","statementMap":{"0":{"start":{"line":1,"column":0},"end":{"line":1,"column":23}},"1":{"start":{"line":2,"column":0},"end":{"line":2,"column":61}},"2":{"start":{"line":3,"column":0},"end":{"line":3,"column":33}},"3":{"start":{"line":6,"column":4},"end":{"line":6,"column":50}},"4":{"start":{"line":7,"column":4},"end":{"line":7,"column":71}},"5":{"start":{"line":8,"column":4},"end":{"line":8,"column":23}},"6":{"start":{"line":9,"column":4},"end":{"line":9,"column":52}},"7":{"start":{"line":10,"column":4},"end":{"line":10,"column":20}},"8":{"start":{"line":13,"column":0},"end":{"line":16,"column":3}},"9":{"start":{"line":14,"column":4},"end":{"line":14,"column":46}},"10":{"start":{"line":15,"column":4},"end":{"line":15,"column":20}}},"fnMap":{"0":{"name":"migration","decl":{"start":{"line":5,"column":15},"end":{"line":5,"column":24}},"loc":{"start":{"line":5,"column":24},"end":{"line":11,"column":1}}},"1":{"name":"(anonymous_10)","decl":{"start":{"line":13,"column":18},"end":{"line":13,"column":19}},"loc":{"start":{"line":13,"column":28},"end":{"line":16,"column":1}}}},"branchMap":{},"s":{"0":0,"1":0,"2":0,"3":0,"4":0,"5":0,"6":0,"7":0,"8":0,"9":0,"10":0},"f":{"0":0,"1":0},"b":{}}
,"D:\\My Classes\\7. Testing\\unit and integration testing\\src\\Drizzle\\schema.ts": {"path":"D:\\My Classes\\7. Testing\\unit and integration testing\\src\\Drizzle\\schema.ts","statementMap":{"0":{"start":{"line":1,"column":0},"end":{"line":1,"column":40}},"1":{"start":{"line":2,"column":0},"end":{"line":2,"column":65}},"2":{"start":{"line":3,"column":0},"end":{"line":3,"column":43}},"3":{"start":{"line":4,"column":0},"end":{"line":4,"column":46}},"4":{"start":{"line":5,"column":0},"end":{"line":5,"column":46}},"5":{"start":{"line":6,"column":0},"end":{"line":6,"column":45}},"6":{"start":{"line":7,"column":0},"end":{"line":7,"column":46}},"7":{"start":{"line":11,"column":13},"end":{"line":11,"column":null}},"8":{"start":{"line":14,"column":13},"end":{"line":23,"column":null}},"9":{"start":{"line":26,"column":13},"end":{"line":34,"column":null}},"10":{"start":{"line":28,"column":58},"end":{"line":28,"column":71}},"11":{"start":{"line":39,"column":13},"end":{"line":41,"column":null}},"12":{"start":{"line":39,"column":66},"end":{"line":41,"column":2}},"13":{"start":{"line":44,"column":13},"end":{"line":49,"column":null}},"14":{"start":{"line":44,"column":64},"end":{"line":49,"column":2}}},"fnMap":{"0":{"name":"(anonymous_0)","decl":{"start":{"line":28,"column":52},"end":{"line":28,"column":55}},"loc":{"start":{"line":28,"column":58},"end":{"line":28,"column":71}}},"1":{"name":"(anonymous_1)","decl":{"start":{"line":39,"column":51},"end":{"line":39,"column":52}},"loc":{"start":{"line":39,"column":66},"end":{"line":41,"column":2}}},"2":{"name":"(anonymous_2)","decl":{"start":{"line":44,"column":50},"end":{"line":44,"column":51}},"loc":{"start":{"line":44,"column":64},"end":{"line":49,"column":2}}}},"branchMap":{},"s":{"0":5,"1":5,"2":5,"3":5,"4":5,"5":5,"6":5,"7":5,"8":5,"9":5,"10":0,"11":5,"12":3,"13":5,"14":3},"f":{"0":0,"1":3,"2":3},"b":{}}
,"D:\\My Classes\\7. Testing\\unit and integration testing\\src\\auth\\auth.controller.ts": {"path":"D:\\My Classes\\7. Testing\\unit and integration testing\\src\\auth\\auth.controller.ts","statementMap":{"0":{"start":{"line":2,"column":0},"end":{"line":2,"column":111}},"1":{"start":{"line":3,"column":0},"end":{"line":3,"column":31}},"2":{"start":{"line":4,"column":0},"end":{"line":4,"column":22}},"3":{"start":{"line":5,"column":0},"end":{"line":5,"column":30}},"4":{"start":{"line":6,"column":0},"end":{"line":6,"column":45}},"5":{"start":{"line":9,"column":36},"end":{"line":43,"column":1}},"6":{"start":{"line":10,"column":4},"end":{"line":42,"column":5}},"7":{"start":{"line":11,"column":21},"end":{"line":11,"column":29}},"8":{"start":{"line":12,"column":25},"end":{"line":12,"column":38}},"9":{"start":{"line":13,"column":31},"end":{"line":13,"column":67}},"10":{"start":{"line":14,"column":8},"end":{"line":14,"column":null}},"11":{"start":{"line":17,"column":33},"end":{"line":17,"column":87}},"12":{"start":{"line":18,"column":8},"end":{"line":18,"column":49}},"13":{"start":{"line":19,"column":8},"end":{"line":19,"column":32}},"14":{"start":{"line":21,"column":27},"end":{"line":21,"column":56}},"15":{"start":{"line":22,"column":8},"end":{"line":22,"column":90}},"16":{"start":{"line":22,"column":25},"end":{"line":22,"column":90}},"17":{"start":{"line":24,"column":8},"end":{"line":37,"column":9}},"18":{"start":{"line":25,"column":12},"end":{"line":34,"column":14}},"19":{"start":{"line":36,"column":12},"end":{"line":36,"column":76}},"20":{"start":{"line":38,"column":8},"end":{"line":38,"column":null}},"21":{"start":{"line":41,"column":8},"end":{"line":41,"column":null}},"22":{"start":{"line":9,"column":13},"end":{"line":9,"column":36}},"23":{"start":{"line":45,"column":36},"end":{"line":81,"column":1}},"24":{"start":{"line":46,"column":28},"end":{"line":46,"column":36}},"25":{"start":{"line":47,"column":4},"end":{"line":80,"column":5}},"26":{"start":{"line":48,"column":21},"end":{"line":48,"column":55}},"27":{"start":{"line":49,"column":8},"end":{"line":51,"column":9}},"28":{"start":{"line":50,"column":12},"end":{"line":50,"column":71}},"29":{"start":{"line":53,"column":8},"end":{"line":76,"column":9}},"30":{"start":{"line":54,"column":12},"end":{"line":54,"column":43}},"31":{"start":{"line":57,"column":12},"end":{"line":72,"column":13}},"32":{"start":{"line":58,"column":16},"end":{"line":67,"column":null}},"33":{"start":{"line":70,"column":16},"end":{"line":70,"column":83}},"34":{"start":{"line":73,"column":12},"end":{"line":73,"column":83}},"35":{"start":{"line":75,"column":12},"end":{"line":75,"column":82}},"36":{"start":{"line":78,"column":8},"end":{"line":78,"column":62}},"37":{"start":{"line":45,"column":13},"end":{"line":45,"column":36}},"38":{"start":{"line":84,"column":35},"end":{"line":132,"column":1}},"39":{"start":{"line":85,"column":4},"end":{"line":131,"column":5}},"40":{"start":{"line":86,"column":21},"end":{"line":86,"column":29}},"41":{"start":{"line":89,"column":26},"end":{"line":89,"column":54}},"42":{"start":{"line":90,"column":8},"end":{"line":92,"column":9}},"43":{"start":{"line":91,"column":12},"end":{"line":91,"column":71}},"44":{"start":{"line":95,"column":26},"end":{"line":95,"column":86}},"45":{"start":{"line":96,"column":8},"end":{"line":98,"column":9}},"46":{"start":{"line":97,"column":12},"end":{"line":97,"column":76}},"47":{"start":{"line":101,"column":24},"end":{"line":108,"column":null}},"48":{"start":{"line":111,"column":23},"end":{"line":111,"column":55}},"49":{"start":{"line":112,"column":8},"end":{"line":114,"column":9}},"50":{"start":{"line":113,"column":12},"end":{"line":113,"column":86}},"51":{"start":{"line":115,"column":22},"end":{"line":115,"column":47}},"52":{"start":{"line":118,"column":8},"end":{"line":128,"column":null}},"53":{"start":{"line":130,"column":8},"end":{"line":130,"column":62}},"54":{"start":{"line":84,"column":13},"end":{"line":84,"column":35}}},"fnMap":{"0":{"name":"(anonymous_1)","decl":{"start":{"line":9,"column":36},"end":{"line":9,"column":41}},"loc":{"start":{"line":9,"column":74},"end":{"line":43,"column":1}}},"1":{"name":"(anonymous_2)","decl":{"start":{"line":45,"column":36},"end":{"line":45,"column":41}},"loc":{"start":{"line":45,"column":74},"end":{"line":81,"column":1}}},"2":{"name":"(anonymous_3)","decl":{"start":{"line":84,"column":35},"end":{"line":84,"column":40}},"loc":{"start":{"line":84,"column":73},"end":{"line":132,"column":1}}}},"branchMap":{"0":{"loc":{"start":{"line":22,"column":8},"end":{"line":22,"column":90}},"type":"if","locations":[{"start":{"line":22,"column":8},"end":{"line":22,"column":90}}]},"1":{"loc":{"start":{"line":49,"column":8},"end":{"line":51,"column":9}},"type":"if","locations":[{"start":{"line":49,"column":8},"end":{"line":51,"column":9}}]},"2":{"loc":{"start":{"line":53,"column":8},"end":{"line":76,"column":9}},"type":"if","locations":[{"start":{"line":53,"column":8},"end":{"line":76,"column":9}},{"start":{"line":74,"column":15},"end":{"line":76,"column":9}}]},"3":{"loc":{"start":{"line":90,"column":8},"end":{"line":92,"column":9}},"type":"if","locations":[{"start":{"line":90,"column":8},"end":{"line":92,"column":9}}]},"4":{"loc":{"start":{"line":96,"column":8},"end":{"line":98,"column":9}},"type":"if","locations":[{"start":{"line":96,"column":8},"end":{"line":98,"column":9}}]},"5":{"loc":{"start":{"line":112,"column":8},"end":{"line":114,"column":9}},"type":"if","locations":[{"start":{"line":112,"column":8},"end":{"line":114,"column":9}}]}},"s":{"0":3,"1":3,"2":3,"3":3,"4":3,"5":3,"6":4,"7":4,"8":4,"9":4,"10":3,"11":3,"12":3,"13":3,"14":3,"15":1,"16":0,"17":1,"18":1,"19":0,"20":1,"21":3,"22":3,"23":3,"24":0,"25":0,"26":0,"27":0,"28":0,"29":0,"30":0,"31":0,"32":0,"33":0,"34":0,"35":0,"36":0,"37":3,"38":3,"39":4,"40":4,"41":4,"42":4,"43":1,"44":3,"45":3,"46":1,"47":2,"48":2,"49":2,"50":0,"51":2,"52":2,"53":0,"54":3},"f":{"0":4,"1":0,"2":4},"b":{"0":[0],"1":[0],"2":[0,0],"3":[1],"4":[1],"5":[0]}}
,"D:\\My Classes\\7. Testing\\unit and integration testing\\src\\auth\\auth.router.ts": {"path":"D:\\My Classes\\7. Testing\\unit and integration testing\\src\\auth\\auth.router.ts","statementMap":{"0":{"start":{"line":3,"column":0},"end":{"line":3,"column":100}},"1":{"start":{"line":5,"column":13},"end":{"line":40,"column":1}},"2":{"start":{"line":7,"column":4},"end":{"line":16,"column":null}},"3":{"start":{"line":9,"column":12},"end":{"line":13,"column":13}},"4":{"start":{"line":10,"column":16},"end":{"line":10,"column":null}},"5":{"start":{"line":12,"column":16},"end":{"line":12,"column":null}},"6":{"start":{"line":19,"column":4},"end":{"line":27,"column":null}},"7":{"start":{"line":21,"column":12},"end":{"line":25,"column":13}},"8":{"start":{"line":22,"column":16},"end":{"line":22,"column":null}},"9":{"start":{"line":24,"column":16},"end":{"line":24,"column":null}},"10":{"start":{"line":30,"column":4},"end":{"line":39,"column":null}},"11":{"start":{"line":32,"column":12},"end":{"line":36,"column":13}},"12":{"start":{"line":33,"column":16},"end":{"line":33,"column":null}},"13":{"start":{"line":35,"column":16},"end":{"line":35,"column":null}},"14":{"start":{"line":42,"column":0},"end":{"line":42,"column":20}}},"fnMap":{"0":{"name":"(anonymous_0)","decl":{"start":{"line":5,"column":13},"end":{"line":5,"column":14}},"loc":{"start":{"line":5,"column":30},"end":{"line":40,"column":1}}},"1":{"name":"(anonymous_1)","decl":{"start":{"line":8,"column":8},"end":{"line":8,"column":13}},"loc":{"start":{"line":8,"column":33},"end":{"line":15,"column":9}}},"2":{"name":"(anonymous_2)","decl":{"start":{"line":20,"column":8},"end":{"line":20,"column":13}},"loc":{"start":{"line":20,"column":33},"end":{"line":26,"column":9}}},"3":{"name":"(anonymous_3)","decl":{"start":{"line":31,"column":8},"end":{"line":31,"column":13}},"loc":{"start":{"line":31,"column":33},"end":{"line":37,"column":9}}}},"branchMap":{},"s":{"0":3,"1":3,"2":3,"3":4,"4":4,"5":0,"6":3,"7":0,"8":0,"9":0,"10":3,"11":4,"12":4,"13":0,"14":3},"f":{"0":3,"1":4,"2":0,"3":4},"b":{}}
,"D:\\My Classes\\7. Testing\\unit and integration testing\\src\\auth\\auth.service.ts": {"path":"D:\\My Classes\\7. Testing\\unit and integration testing\\src\\auth\\auth.service.ts","statementMap":{"0":{"start":{"line":2,"column":0},"end":{"line":2,"column":34}},"1":{"start":{"line":3,"column":0},"end":{"line":3,"column":31}},"2":{"start":{"line":4,"column":0},"end":{"line":4,"column":55}},"3":{"start":{"line":6,"column":33},"end":{"line":9,"column":1}},"4":{"start":{"line":7,"column":4},"end":{"line":7,"column":null}},"5":{"start":{"line":8,"column":4},"end":{"line":8,"column":39}},"6":{"start":{"line":6,"column":13},"end":{"line":6,"column":33}},"7":{"start":{"line":11,"column":37},"end":{"line":15,"column":1}},"8":{"start":{"line":12,"column":4},"end":{"line":14,"column":7}},"9":{"start":{"line":11,"column":13},"end":{"line":11,"column":37}},"10":{"start":{"line":17,"column":33},"end":{"line":21,"column":1}},"11":{"start":{"line":18,"column":4},"end":{"line":20,"column":52}},"12":{"start":{"line":17,"column":13},"end":{"line":17,"column":33}},"13":{"start":{"line":25,"column":32},"end":{"line":39,"column":1}},"14":{"start":{"line":27,"column":22},"end":{"line":27,"column":26}},"15":{"start":{"line":29,"column":4},"end":{"line":38,"column":7}},"16":{"start":{"line":25,"column":13},"end":{"line":25,"column":32}}},"fnMap":{"0":{"name":"(anonymous_1)","decl":{"start":{"line":6,"column":33},"end":{"line":6,"column":38}},"loc":{"start":{"line":6,"column":56},"end":{"line":9,"column":1}}},"1":{"name":"(anonymous_2)","decl":{"start":{"line":11,"column":37},"end":{"line":11,"column":42}},"loc":{"start":{"line":11,"column":61},"end":{"line":15,"column":1}}},"2":{"name":"(anonymous_3)","decl":{"start":{"line":17,"column":33},"end":{"line":17,"column":38}},"loc":{"start":{"line":17,"column":57},"end":{"line":21,"column":1}}},"3":{"name":"(anonymous_4)","decl":{"start":{"line":25,"column":32},"end":{"line":25,"column":37}},"loc":{"start":{"line":25,"column":55},"end":{"line":39,"column":1}}}},"branchMap":{},"s":{"0":4,"1":4,"2":4,"3":4,"4":4,"5":2,"6":4,"7":4,"8":0,"9":4,"10":4,"11":0,"12":4,"13":4,"14":6,"15":6,"16":4},"f":{"0":4,"1":0,"2":0,"3":6},"b":{}}
,"D:\\My Classes\\7. Testing\\unit and integration testing\\src\\mailer\\mailer.ts": {"path":"D:\\My Classes\\7. Testing\\unit and integration testing\\src\\mailer\\mailer.ts","statementMap":{"0":{"start":{"line":1,"column":0},"end":{"line":1,"column":36}},"1":{"start":{"line":3,"column":25},"end":{"line":42,"column":1}},"2":{"start":{"line":9,"column":4},"end":{"line":41,"column":5}},"3":{"start":{"line":10,"column":28},"end":{"line":19,"column":10}},"4":{"start":{"line":21,"column":56},"end":{"line":27,"column":10}},"5":{"start":{"line":29,"column":24},"end":{"line":29,"column":63}},"6":{"start":{"line":30,"column":8},"end":{"line":30,"column":40}},"7":{"start":{"line":32,"column":8},"end":{"line":38,"column":9}},"8":{"start":{"line":33,"column":12},"end":{"line":33,"column":45}},"9":{"start":{"line":34,"column":15},"end":{"line":38,"column":9}},"10":{"start":{"line":35,"column":12},"end":{"line":35,"column":36}},"11":{"start":{"line":37,"column":12},"end":{"line":37,"column":40}},"12":{"start":{"line":40,"column":8},"end":{"line":40,"column":56}},"13":{"start":{"line":3,"column":13},"end":{"line":3,"column":25}}},"fnMap":{"0":{"name":"(anonymous_1)","decl":{"start":{"line":3,"column":25},"end":{"line":3,"column":30}},"loc":{"start":{"line":8,"column":4},"end":{"line":42,"column":1}}}},"branchMap":{"0":{"loc":{"start":{"line":32,"column":8},"end":{"line":38,"column":9}},"type":"if","locations":[{"start":{"line":32,"column":8},"end":{"line":38,"column":9}},{"start":{"line":34,"column":15},"end":{"line":38,"column":9}}]},"1":{"loc":{"start":{"line":34,"column":15},"end":{"line":38,"column":9}},"type":"if","locations":[{"start":{"line":34,"column":15},"end":{"line":38,"column":9}},{"start":{"line":36,"column":15},"end":{"line":38,"column":9}}]}},"s":{"0":3,"1":3,"2":1,"3":1,"4":1,"5":1,"6":1,"7":1,"8":1,"9":0,"10":0,"11":0,"12":0,"13":3},"f":{"0":1},"b":{"0":[1,0],"1":[0,0]}}
,"D:\\My Classes\\7. Testing\\unit and integration testing\\src\\middleware\\bearAuth.ts": {"path":"D:\\My Classes\\7. Testing\\unit and integration testing\\src\\middleware\\bearAuth.ts","statementMap":{"0":{"start":{"line":1,"column":0},"end":{"line":1,"column":42}},"1":{"start":{"line":2,"column":0},"end":{"line":2,"column":22}},"2":{"start":{"line":36,"column":26},"end":{"line":80,"column":1}},"3":{"start":{"line":37,"column":4},"end":{"line":79,"column":null}},"4":{"start":{"line":38,"column":27},"end":{"line":38,"column":52}},"5":{"start":{"line":40,"column":8},"end":{"line":43,"column":9}},"6":{"start":{"line":41,"column":12},"end":{"line":41,"column":62}},"7":{"start":{"line":42,"column":12},"end":{"line":42,"column":19}},"8":{"start":{"line":45,"column":22},"end":{"line":45,"column":46}},"9":{"start":{"line":47,"column":8},"end":{"line":77,"column":9}},"10":{"start":{"line":48,"column":28},"end":{"line":48,"column":79}},"11":{"start":{"line":49,"column":13},"end":{"line":49,"column":40}},"12":{"start":{"line":52,"column":12},"end":{"line":72,"column":13}},"13":{"start":{"line":57,"column":16},"end":{"line":66,"column":17}},"14":{"start":{"line":58,"column":20},"end":{"line":61,"column":21}},"15":{"start":{"line":59,"column":24},"end":{"line":59,"column":31}},"16":{"start":{"line":60,"column":24},"end":{"line":60,"column":31}},"17":{"start":{"line":63,"column":21},"end":{"line":66,"column":17}},"18":{"start":{"line":64,"column":20},"end":{"line":64,"column":27}},"19":{"start":{"line":65,"column":20},"end":{"line":65,"column":27}},"20":{"start":{"line":67,"column":16},"end":{"line":67,"column":66}},"21":{"start":{"line":68,"column":16},"end":{"line":68,"column":23}},"22":{"start":{"line":70,"column":16},"end":{"line":70,"column":null}},"23":{"start":{"line":71,"column":16},"end":{"line":71,"column":22}},"24":{"start":{"line":75,"column":12},"end":{"line":75,"column":63}},"25":{"start":{"line":76,"column":12},"end":{"line":76,"column":18}},"26":{"start":{"line":36,"column":13},"end":{"line":36,"column":26}},"27":{"start":{"line":82,"column":13},"end":{"line":82,"column":null}},"28":{"start":{"line":83,"column":13},"end":{"line":83,"column":null}},"29":{"start":{"line":84,"column":13},"end":{"line":84,"column":null}}},"fnMap":{"0":{"name":"(anonymous_1)","decl":{"start":{"line":36,"column":26},"end":{"line":36,"column":27}},"loc":{"start":{"line":36,"column":70},"end":{"line":80,"column":1}}},"1":{"name":"(anonymous_2)","decl":{"start":{"line":37,"column":11},"end":{"line":37,"column":12}},"loc":{"start":{"line":37,"column":69},"end":{"line":79,"column":5}}}},"branchMap":{"0":{"loc":{"start":{"line":40,"column":8},"end":{"line":43,"column":9}},"type":"if","locations":[{"start":{"line":40,"column":8},"end":{"line":43,"column":9}}]},"1":{"loc":{"start":{"line":40,"column":12},"end":{"line":40,"column":60}},"type":"binary-expr","locations":[{"start":{"line":40,"column":12},"end":{"line":40,"column":23}},{"start":{"line":40,"column":27},"end":{"line":40,"column":60}}]},"2":{"loc":{"start":{"line":52,"column":12},"end":{"line":72,"column":13}},"type":"if","locations":[{"start":{"line":52,"column":12},"end":{"line":72,"column":13}},{"start":{"line":69,"column":19},"end":{"line":72,"column":13}}]},"3":{"loc":{"start":{"line":53,"column":16},"end":{"line":55,"column":33}},"type":"binary-expr","locations":[{"start":{"line":53,"column":16},"end":{"line":53,"column":43}},{"start":{"line":54,"column":16},"end":{"line":54,"column":32}},{"start":{"line":55,"column":16},"end":{"line":55,"column":33}}]},"4":{"loc":{"start":{"line":57,"column":16},"end":{"line":66,"column":17}},"type":"if","locations":[{"start":{"line":57,"column":16},"end":{"line":66,"column":17}},{"start":{"line":63,"column":21},"end":{"line":66,"column":17}}]},"5":{"loc":{"start":{"line":58,"column":20},"end":{"line":61,"column":21}},"type":"if","locations":[{"start":{"line":58,"column":20},"end":{"line":61,"column":21}}]},"6":{"loc":{"start":{"line":58,"column":24},"end":{"line":58,"column":75}},"type":"binary-expr","locations":[{"start":{"line":58,"column":24},"end":{"line":58,"column":48}},{"start":{"line":58,"column":52},"end":{"line":58,"column":75}}]},"7":{"loc":{"start":{"line":63,"column":21},"end":{"line":66,"column":17}},"type":"if","locations":[{"start":{"line":63,"column":21},"end":{"line":66,"column":17}}]}},"s":{"0":3,"1":3,"2":3,"3":9,"4":9,"5":9,"6":0,"7":0,"8":9,"9":9,"10":9,"11":9,"12":9,"13":9,"14":3,"15":3,"16":3,"17":6,"18":6,"19":6,"20":0,"21":0,"22":0,"23":0,"24":0,"25":0,"26":3,"27":3,"28":3,"29":3},"f":{"0":9,"1":9},"b":{"0":[0],"1":[9,9],"2":[9,0],"3":[9,9,9],"4":[3,6],"5":[3],"6":[3,0],"7":[6]}}
,"D:\\My Classes\\7. Testing\\unit and integration testing\\src\\todo\\todo.controller.ts": {"path":"D:\\My Classes\\7. Testing\\unit and integration testing\\src\\todo\\todo.controller.ts","statementMap":{"0":{"start":{"line":3,"column":0},"end":{"line":3,"column":null}},"1":{"start":{"line":9,"column":36},"end":{"line":28,"column":1}},"2":{"start":{"line":10,"column":4},"end":{"line":27,"column":5}},"3":{"start":{"line":11,"column":21},"end":{"line":11,"column":29}},"4":{"start":{"line":14,"column":8},"end":{"line":16,"column":9}},"5":{"start":{"line":15,"column":12},"end":{"line":15,"column":null}},"6":{"start":{"line":18,"column":24},"end":{"line":18,"column":53}},"7":{"start":{"line":19,"column":8},"end":{"line":21,"column":9}},"8":{"start":{"line":20,"column":12},"end":{"line":20,"column":null}},"9":{"start":{"line":22,"column":8},"end":{"line":22,"column":null}},"10":{"start":{"line":25,"column":8},"end":{"line":25,"column":62}},"11":{"start":{"line":9,"column":13},"end":{"line":9,"column":36}},"12":{"start":{"line":31,"column":33},"end":{"line":43,"column":1}},"13":{"start":{"line":32,"column":4},"end":{"line":42,"column":5}},"14":{"start":{"line":33,"column":22},"end":{"line":33,"column":44}},"15":{"start":{"line":34,"column":8},"end":{"line":36,"column":9}},"16":{"start":{"line":35,"column":12},"end":{"line":35,"column":null}},"17":{"start":{"line":37,"column":8},"end":{"line":37,"column":null}},"18":{"start":{"line":41,"column":8},"end":{"line":41,"column":62}},"19":{"start":{"line":31,"column":13},"end":{"line":31,"column":33}},"20":{"start":{"line":46,"column":37},"end":{"line":64,"column":1}},"21":{"start":{"line":47,"column":4},"end":{"line":63,"column":5}},"22":{"start":{"line":50,"column":19},"end":{"line":50,"column":42}},"23":{"start":{"line":51,"column":8},"end":{"line":53,"column":9}},"24":{"start":{"line":52,"column":12},"end":{"line":52,"column":null}},"25":{"start":{"line":55,"column":21},"end":{"line":55,"column":49}},"26":{"start":{"line":56,"column":8},"end":{"line":58,"column":9}},"27":{"start":{"line":57,"column":12},"end":{"line":57,"column":null}},"28":{"start":{"line":59,"column":8},"end":{"line":59,"column":52}},"29":{"start":{"line":61,"column":8},"end":{"line":61,"column":62}},"30":{"start":{"line":46,"column":13},"end":{"line":46,"column":37}},"31":{"start":{"line":67,"column":36},"end":{"line":97,"column":1}},"32":{"start":{"line":68,"column":4},"end":{"line":96,"column":5}},"33":{"start":{"line":69,"column":19},"end":{"line":69,"column":42}},"34":{"start":{"line":70,"column":8},"end":{"line":72,"column":9}},"35":{"start":{"line":71,"column":12},"end":{"line":71,"column":67}},"36":{"start":{"line":74,"column":21},"end":{"line":74,"column":29}},"37":{"start":{"line":77,"column":8},"end":{"line":79,"column":9}},"38":{"start":{"line":78,"column":12},"end":{"line":78,"column":50}},"39":{"start":{"line":82,"column":29},"end":{"line":82,"column":57}},"40":{"start":{"line":83,"column":8},"end":{"line":85,"column":9}},"41":{"start":{"line":84,"column":12},"end":{"line":84,"column":71}},"42":{"start":{"line":87,"column":28},"end":{"line":87,"column":61}},"43":{"start":{"line":88,"column":8},"end":{"line":90,"column":9}},"44":{"start":{"line":89,"column":12},"end":{"line":89,"column":73}},"45":{"start":{"line":91,"column":8},"end":{"line":91,"column":78}},"46":{"start":{"line":94,"column":8},"end":{"line":94,"column":62}},"47":{"start":{"line":67,"column":13},"end":{"line":67,"column":36}},"48":{"start":{"line":100,"column":36},"end":{"line":122,"column":1}},"49":{"start":{"line":101,"column":4},"end":{"line":121,"column":5}},"50":{"start":{"line":102,"column":19},"end":{"line":102,"column":42}},"51":{"start":{"line":103,"column":8},"end":{"line":105,"column":9}},"52":{"start":{"line":104,"column":12},"end":{"line":104,"column":67}},"53":{"start":{"line":107,"column":29},"end":{"line":107,"column":57}},"54":{"start":{"line":108,"column":8},"end":{"line":110,"column":9}},"55":{"start":{"line":109,"column":12},"end":{"line":109,"column":71}},"56":{"start":{"line":112,"column":24},"end":{"line":112,"column":51}},"57":{"start":{"line":113,"column":8},"end":{"line":115,"column":9}},"58":{"start":{"line":114,"column":12},"end":{"line":114,"column":73}},"59":{"start":{"line":116,"column":8},"end":{"line":116,"column":40}},"60":{"start":{"line":119,"column":8},"end":{"line":119,"column":62}},"61":{"start":{"line":100,"column":13},"end":{"line":100,"column":36}},"62":{"start":{"line":124,"column":42},"end":{"line":142,"column":1}},"63":{"start":{"line":125,"column":4},"end":{"line":139,"column":5}},"64":{"start":{"line":126,"column":23},"end":{"line":126,"column":50}},"65":{"start":{"line":127,"column":8},"end":{"line":129,"column":9}},"66":{"start":{"line":128,"column":12},"end":{"line":128,"column":72}},"67":{"start":{"line":131,"column":22},"end":{"line":131,"column":59}},"68":{"start":{"line":132,"column":8},"end":{"line":134,"column":9}},"69":{"start":{"line":133,"column":12},"end":{"line":133,"column":85}},"70":{"start":{"line":135,"column":8},"end":{"line":135,"column":53}},"71":{"start":{"line":138,"column":8},"end":{"line":138,"column":62}},"72":{"start":{"line":124,"column":13},"end":{"line":124,"column":42}}},"fnMap":{"0":{"name":"(anonymous_0)","decl":{"start":{"line":9,"column":36},"end":{"line":9,"column":41}},"loc":{"start":{"line":9,"column":74},"end":{"line":28,"column":1}}},"1":{"name":"(anonymous_1)","decl":{"start":{"line":31,"column":33},"end":{"line":31,"column":38}},"loc":{"start":{"line":31,"column":71},"end":{"line":43,"column":1}}},"2":{"name":"(anonymous_2)","decl":{"start":{"line":46,"column":37},"end":{"line":46,"column":42}},"loc":{"start":{"line":46,"column":75},"end":{"line":64,"column":1}}},"3":{"name":"(anonymous_3)","decl":{"start":{"line":67,"column":36},"end":{"line":67,"column":41}},"loc":{"start":{"line":67,"column":74},"end":{"line":97,"column":1}}},"4":{"name":"(anonymous_4)","decl":{"start":{"line":100,"column":36},"end":{"line":100,"column":41}},"loc":{"start":{"line":100,"column":74},"end":{"line":122,"column":1}}},"5":{"name":"(anonymous_5)","decl":{"start":{"line":124,"column":42},"end":{"line":124,"column":47}},"loc":{"start":{"line":124,"column":80},"end":{"line":142,"column":1}}}},"branchMap":{"0":{"loc":{"start":{"line":14,"column":8},"end":{"line":16,"column":9}},"type":"if","locations":[{"start":{"line":14,"column":8},"end":{"line":16,"column":9}}]},"1":{"loc":{"start":{"line":19,"column":8},"end":{"line":21,"column":9}},"type":"if","locations":[{"start":{"line":19,"column":8},"end":{"line":21,"column":9}}]},"2":{"loc":{"start":{"line":34,"column":8},"end":{"line":36,"column":9}},"type":"if","locations":[{"start":{"line":34,"column":8},"end":{"line":36,"column":9}}]},"3":{"loc":{"start":{"line":34,"column":12},"end":{"line":34,"column":40}},"type":"binary-expr","locations":[{"start":{"line":34,"column":12},"end":{"line":34,"column":18}},{"start":{"line":34,"column":22},"end":{"line":34,"column":40}}]},"4":{"loc":{"start":{"line":51,"column":8},"end":{"line":53,"column":9}},"type":"if","locations":[{"start":{"line":51,"column":8},"end":{"line":53,"column":9}}]},"5":{"loc":{"start":{"line":56,"column":8},"end":{"line":58,"column":9}},"type":"if","locations":[{"start":{"line":56,"column":8},"end":{"line":58,"column":9}}]},"6":{"loc":{"start":{"line":70,"column":8},"end":{"line":72,"column":9}},"type":"if","locations":[{"start":{"line":70,"column":8},"end":{"line":72,"column":9}}]},"7":{"loc":{"start":{"line":77,"column":8},"end":{"line":79,"column":9}},"type":"if","locations":[{"start":{"line":77,"column":8},"end":{"line":79,"column":9}}]},"8":{"loc":{"start":{"line":83,"column":8},"end":{"line":85,"column":9}},"type":"if","locations":[{"start":{"line":83,"column":8},"end":{"line":85,"column":9}}]},"9":{"loc":{"start":{"line":88,"column":8},"end":{"line":90,"column":9}},"type":"if","locations":[{"start":{"line":88,"column":8},"end":{"line":90,"column":9}}]},"10":{"loc":{"start":{"line":103,"column":8},"end":{"line":105,"column":9}},"type":"if","locations":[{"start":{"line":103,"column":8},"end":{"line":105,"column":9}}]},"11":{"loc":{"start":{"line":108,"column":8},"end":{"line":110,"column":9}},"type":"if","locations":[{"start":{"line":108,"column":8},"end":{"line":110,"column":9}}]},"12":{"loc":{"start":{"line":113,"column":8},"end":{"line":115,"column":9}},"type":"if","locations":[{"start":{"line":113,"column":8},"end":{"line":115,"column":9}}]},"13":{"loc":{"start":{"line":127,"column":8},"end":{"line":129,"column":9}},"type":"if","locations":[{"start":{"line":127,"column":8},"end":{"line":129,"column":9}}]},"14":{"loc":{"start":{"line":132,"column":8},"end":{"line":134,"column":9}},"type":"if","locations":[{"start":{"line":132,"column":8},"end":{"line":134,"column":9}}]},"15":{"loc":{"start":{"line":132,"column":12},"end":{"line":132,"column":40}},"type":"binary-expr","locations":[{"start":{"line":132,"column":12},"end":{"line":132,"column":18}},{"start":{"line":132,"column":22},"end":{"line":132,"column":40}}]}},"s":{"0":3,"1":3,"2":1,"3":1,"4":1,"5":1,"6":1,"7":1,"8":0,"9":1,"10":0,"11":3,"12":3,"13":2,"14":2,"15":2,"16":0,"17":2,"18":0,"19":3,"20":3,"21":3,"22":3,"23":3,"24":1,"25":2,"26":2,"27":1,"28":1,"29":0,"30":3,"31":3,"32":3,"33":3,"34":3,"35":1,"36":2,"37":2,"38":0,"39":2,"40":2,"41":1,"42":1,"43":1,"44":0,"45":1,"46":0,"47":3,"48":3,"49":3,"50":3,"51":3,"52":1,"53":2,"54":2,"55":1,"56":1,"57":1,"58":0,"59":1,"60":0,"61":3,"62":3,"63":0,"64":0,"65":0,"66":0,"67":0,"68":0,"69":0,"70":0,"71":0,"72":3},"f":{"0":1,"1":2,"2":3,"3":3,"4":3,"5":0},"b":{"0":[1],"1":[0],"2":[0],"3":[2,2],"4":[1],"5":[1],"6":[1],"7":[0],"8":[1],"9":[0],"10":[1],"11":[1],"12":[0],"13":[0],"14":[0],"15":[0,0]}}
,"D:\\My Classes\\7. Testing\\unit and integration testing\\src\\todo\\todo.router.ts": {"path":"D:\\My Classes\\7. Testing\\unit and integration testing\\src\\todo\\todo.router.ts","statementMap":{"0":{"start":{"line":3,"column":0},"end":{"line":3,"column":171}},"1":{"start":{"line":4,"column":0},"end":{"line":4,"column":84}},"2":{"start":{"line":8,"column":13},"end":{"line":80,"column":1}},"3":{"start":{"line":10,"column":4},"end":{"line":19,"column":null}},"4":{"start":{"line":13,"column":12},"end":{"line":17,"column":13}},"5":{"start":{"line":14,"column":16},"end":{"line":14,"column":null}},"6":{"start":{"line":16,"column":16},"end":{"line":16,"column":null}},"7":{"start":{"line":22,"column":4},"end":{"line":31,"column":null}},"8":{"start":{"line":25,"column":12},"end":{"line":29,"column":13}},"9":{"start":{"line":26,"column":16},"end":{"line":26,"column":null}},"10":{"start":{"line":28,"column":16},"end":{"line":28,"column":null}},"11":{"start":{"line":34,"column":4},"end":{"line":43,"column":null}},"12":{"start":{"line":37,"column":12},"end":{"line":41,"column":13}},"13":{"start":{"line":38,"column":16},"end":{"line":38,"column":null}},"14":{"start":{"line":40,"column":16},"end":{"line":40,"column":28}},"15":{"start":{"line":46,"column":4},"end":{"line":55,"column":null}},"16":{"start":{"line":49,"column":12},"end":{"line":53,"column":13}},"17":{"start":{"line":50,"column":16},"end":{"line":50,"column":null}},"18":{"start":{"line":52,"column":16},"end":{"line":52,"column":null}},"19":{"start":{"line":58,"column":4},"end":{"line":67,"column":null}},"20":{"start":{"line":61,"column":12},"end":{"line":65,"column":13}},"21":{"start":{"line":62,"column":16},"end":{"line":62,"column":null}},"22":{"start":{"line":64,"column":16},"end":{"line":64,"column":null}},"23":{"start":{"line":68,"column":4},"end":{"line":77,"column":null}},"24":{"start":{"line":71,"column":12},"end":{"line":75,"column":13}},"25":{"start":{"line":72,"column":16},"end":{"line":72,"column":null}},"26":{"start":{"line":74,"column":16},"end":{"line":74,"column":null}},"27":{"start":{"line":82,"column":0},"end":{"line":82,"column":null}}},"fnMap":{"0":{"name":"(anonymous_0)","decl":{"start":{"line":8,"column":13},"end":{"line":8,"column":14}},"loc":{"start":{"line":8,"column":30},"end":{"line":80,"column":1}}},"1":{"name":"(anonymous_1)","decl":{"start":{"line":12,"column":8},"end":{"line":12,"column":13}},"loc":{"start":{"line":12,"column":33},"end":{"line":18,"column":9}}},"2":{"name":"(anonymous_2)","decl":{"start":{"line":24,"column":8},"end":{"line":24,"column":13}},"loc":{"start":{"line":24,"column":33},"end":{"line":30,"column":9}}},"3":{"name":"(anonymous_3)","decl":{"start":{"line":36,"column":8},"end":{"line":36,"column":13}},"loc":{"start":{"line":36,"column":33},"end":{"line":42,"column":9}}},"4":{"name":"(anonymous_4)","decl":{"start":{"line":48,"column":8},"end":{"line":48,"column":13}},"loc":{"start":{"line":48,"column":33},"end":{"line":54,"column":9}}},"5":{"name":"(anonymous_5)","decl":{"start":{"line":60,"column":8},"end":{"line":60,"column":13}},"loc":{"start":{"line":60,"column":33},"end":{"line":66,"column":9}}},"6":{"name":"(anonymous_6)","decl":{"start":{"line":70,"column":8},"end":{"line":70,"column":13}},"loc":{"start":{"line":70,"column":33},"end":{"line":76,"column":9}}}},"branchMap":{},"s":{"0":3,"1":3,"2":3,"3":3,"4":1,"5":1,"6":0,"7":3,"8":2,"9":2,"10":0,"11":3,"12":3,"13":3,"14":0,"15":3,"16":3,"17":3,"18":0,"19":3,"20":3,"21":3,"22":0,"23":3,"24":0,"25":0,"26":0,"27":3},"f":{"0":3,"1":1,"2":2,"3":3,"4":3,"5":3,"6":0},"b":{}}
,"D:\\My Classes\\7. Testing\\unit and integration testing\\src\\todo\\todo.service.ts": {"path":"D:\\My Classes\\7. Testing\\unit and integration testing\\src\\todo\\todo.service.ts","statementMap":{"0":{"start":{"line":1,"column":0},"end":{"line":1,"column":33}},"1":{"start":{"line":2,"column":0},"end":{"line":2,"column":31}},"2":{"start":{"line":3,"column":0},"end":{"line":3,"column":54}},"3":{"start":{"line":8,"column":33},"end":{"line":14,"column":1}},"4":{"start":{"line":9,"column":23},"end":{"line":9,"column":74}},"5":{"start":{"line":10,"column":4},"end":{"line":12,"column":5}},"6":{"start":{"line":11,"column":8},"end":{"line":11,"column":null}},"7":{"start":{"line":13,"column":4},"end":{"line":13,"column":null}},"8":{"start":{"line":8,"column":13},"end":{"line":8,"column":33}},"9":{"start":{"line":17,"column":30},"end":{"line":20,"column":1}},"10":{"start":{"line":18,"column":18},"end":{"line":18,"column":53}},"11":{"start":{"line":19,"column":4},"end":{"line":19,"column":17}},"12":{"start":{"line":17,"column":13},"end":{"line":17,"column":30}},"13":{"start":{"line":23,"column":34},"end":{"line":28,"column":1}},"14":{"start":{"line":24,"column":17},"end":{"line":26,"column":6}},"15":{"start":{"line":27,"column":4},"end":{"line":27,"column":null}},"16":{"start":{"line":23,"column":13},"end":{"line":23,"column":34}},"17":{"start":{"line":31,"column":33},"end":{"line":34,"column":1}},"18":{"start":{"line":32,"column":4},"end":{"line":32,"column":null}},"19":{"start":{"line":33,"column":4},"end":{"line":33,"column":39}},"20":{"start":{"line":31,"column":13},"end":{"line":31,"column":33}},"21":{"start":{"line":37,"column":33},"end":{"line":40,"column":1}},"22":{"start":{"line":38,"column":4},"end":{"line":38,"column":null}},"23":{"start":{"line":39,"column":4},"end":{"line":39,"column":39}},"24":{"start":{"line":37,"column":13},"end":{"line":37,"column":33}},"25":{"start":{"line":43,"column":39},"end":{"line":48,"column":1}},"26":{"start":{"line":44,"column":18},"end":{"line":46,"column":6}},"27":{"start":{"line":47,"column":4},"end":{"line":47,"column":17}},"28":{"start":{"line":43,"column":13},"end":{"line":43,"column":39}}},"fnMap":{"0":{"name":"(anonymous_1)","decl":{"start":{"line":8,"column":33},"end":{"line":8,"column":38}},"loc":{"start":{"line":8,"column":56},"end":{"line":14,"column":1}}},"1":{"name":"(anonymous_2)","decl":{"start":{"line":17,"column":30},"end":{"line":17,"column":35}},"loc":{"start":{"line":17,"column":41},"end":{"line":20,"column":1}}},"2":{"name":"(anonymous_3)","decl":{"start":{"line":23,"column":34},"end":{"line":23,"column":39}},"loc":{"start":{"line":23,"column":55},"end":{"line":28,"column":1}}},"3":{"name":"(anonymous_4)","decl":{"start":{"line":31,"column":33},"end":{"line":31,"column":38}},"loc":{"start":{"line":31,"column":68},"end":{"line":34,"column":1}}},"4":{"name":"(anonymous_5)","decl":{"start":{"line":37,"column":33},"end":{"line":37,"column":38}},"loc":{"start":{"line":37,"column":54},"end":{"line":40,"column":1}}},"5":{"name":"(anonymous_6)","decl":{"start":{"line":43,"column":39},"end":{"line":43,"column":44}},"loc":{"start":{"line":43,"column":64},"end":{"line":48,"column":1}}}},"branchMap":{"0":{"loc":{"start":{"line":10,"column":4},"end":{"line":12,"column":5}},"type":"if","locations":[{"start":{"line":10,"column":4},"end":{"line":12,"column":5}}]}},"s":{"0":4,"1":4,"2":4,"3":4,"4":3,"5":3,"6":2,"7":1,"8":4,"9":4,"10":4,"11":4,"12":4,"13":4,"14":8,"15":8,"16":4,"17":4,"18":2,"19":2,"20":4,"21":4,"22":2,"23":2,"24":4,"25":4,"26":0,"27":0,"28":4},"f":{"0":3,"1":4,"2":8,"3":2,"4":2,"5":0},"b":{"0":[2]}}
}
