TN:
SF:src\index.ts
FN:5,(anonymous_1)
FN:13,(anonymous_2)
FNF:2
FNH:1
FNDA:3,(anonymous_1)
FNDA:0,(anonymous_2)
DA:1,3
DA:2,3
DA:3,3
DA:5,3
DA:6,3
DA:7,3
DA:10,3
DA:11,3
DA:13,3
DA:14,0
DA:17,3
DA:21,3
DA:22,3
LF:13
LH:12
BRF:0
BRH:0
end_of_record
TN:
SF:src\server.ts
FN:3,(anonymous_1)
FNF:1
FNH:0
FNDA:0,(anonymous_1)
DA:1,0
DA:3,0
DA:4,0
LF:3
LH:0
BRF:0
BRH:0
end_of_record
TN:
SF:src\Drizzle\db.ts
FN:11,(anonymous_9)
FNF:1
FNH:1
FNDA:3,(anonymous_9)
DA:1,3
DA:2,3
DA:3,3
DA:4,3
DA:7,3
DA:11,3
DA:12,3
DA:15,3
DA:17,3
DA:18,3
LF:10
LH:10
BRF:0
BRH:0
end_of_record
TN:
SF:src\Drizzle\migrate.ts
FN:5,migration
FN:13,(anonymous_10)
FNF:2
FNH:0
FNDA:0,migration
FNDA:0,(anonymous_10)
DA:1,0
DA:2,0
DA:3,0
DA:6,0
DA:7,0
DA:8,0
DA:9,0
DA:10,0
DA:13,0
DA:14,0
DA:15,0
LF:11
LH:0
BRF:0
BRH:0
end_of_record
TN:
SF:src\Drizzle\schema.ts
FN:28,(anonymous_0)
FN:39,(anonymous_1)
FN:44,(anonymous_2)
FNF:3
FNH:2
FNDA:0,(anonymous_0)
FNDA:3,(anonymous_1)
FNDA:3,(anonymous_2)
DA:1,5
DA:2,5
DA:3,5
DA:4,5
DA:5,5
DA:6,5
DA:7,5
DA:11,5
DA:14,5
DA:26,5
DA:28,0
DA:39,5
DA:44,5
LF:13
LH:12
BRF:0
BRH:0
end_of_record
TN:
SF:src\auth\auth.controller.ts
FN:9,(anonymous_1)
FN:45,(anonymous_2)
FN:84,(anonymous_3)
FNF:3
FNH:2
FNDA:4,(anonymous_1)
FNDA:0,(anonymous_2)
FNDA:4,(anonymous_3)
DA:2,3
DA:3,3
DA:4,3
DA:5,3
DA:6,3
DA:9,3
DA:10,4
DA:11,4
DA:12,4
DA:13,4
DA:14,3
DA:17,3
DA:18,3
DA:19,3
DA:21,3
DA:22,1
DA:24,1
DA:25,1
DA:36,0
DA:38,1
DA:41,3
DA:45,3
DA:46,0
DA:47,0
DA:48,0
DA:49,0
DA:50,0
DA:53,0
DA:54,0
DA:57,0
DA:58,0
DA:70,0
DA:73,0
DA:75,0
DA:78,0
DA:84,3
DA:85,4
DA:86,4
DA:89,4
DA:90,4
DA:91,1
DA:95,3
DA:96,3
DA:97,1
DA:101,2
DA:111,2
DA:112,2
DA:113,0
DA:115,2
DA:118,2
DA:130,0
LF:51
LH:35
BRDA:22,0,0,0
BRDA:49,1,0,0
BRDA:53,2,0,0
BRDA:53,2,1,0
BRDA:90,3,0,1
BRDA:96,4,0,1
BRDA:112,5,0,0
BRF:7
BRH:2
end_of_record
TN:
SF:src\auth\auth.router.ts
FN:5,(anonymous_0)
FN:8,(anonymous_1)
FN:20,(anonymous_2)
FN:31,(anonymous_3)
FNF:4
FNH:3
FNDA:3,(anonymous_0)
FNDA:4,(anonymous_1)
FNDA:0,(anonymous_2)
FNDA:4,(anonymous_3)
DA:3,3
DA:5,3
DA:7,3
DA:9,4
DA:10,4
DA:12,0
DA:19,3
DA:21,0
DA:22,0
DA:24,0
DA:30,3
DA:32,4
DA:33,4
DA:35,0
DA:42,3
LF:15
LH:10
BRF:0
BRH:0
end_of_record
TN:
SF:src\auth\auth.service.ts
FN:6,(anonymous_1)
FN:11,(anonymous_2)
FN:17,(anonymous_3)
FN:25,(anonymous_4)
FNF:4
FNH:2
FNDA:4,(anonymous_1)
FNDA:0,(anonymous_2)
FNDA:0,(anonymous_3)
FNDA:6,(anonymous_4)
DA:2,4
DA:3,4
DA:4,4
DA:6,4
DA:7,4
DA:8,2
DA:11,4
DA:12,0
DA:17,4
DA:18,0
DA:25,4
DA:27,6
DA:29,6
LF:13
LH:11
BRF:0
BRH:0
end_of_record
TN:
SF:src\mailer\mailer.ts
FN:3,(anonymous_1)
FNF:1
FNH:1
FNDA:1,(anonymous_1)
DA:1,3
DA:3,3
DA:9,1
DA:10,1
DA:21,1
DA:29,1
DA:30,1
DA:32,1
DA:33,1
DA:34,0
DA:35,0
DA:37,0
DA:40,0
LF:13
LH:9
BRDA:32,0,0,1
BRDA:32,0,1,0
BRDA:34,1,0,0
BRDA:34,1,1,0
BRF:4
BRH:1
end_of_record
TN:
SF:src\middleware\bearAuth.ts
FN:36,(anonymous_1)
FN:37,(anonymous_2)
FNF:2
FNH:2
FNDA:9,(anonymous_1)
FNDA:9,(anonymous_2)
DA:1,3
DA:2,3
DA:36,3
DA:37,9
DA:38,9
DA:40,9
DA:41,0
DA:42,0
DA:45,9
DA:47,9
DA:48,9
DA:49,9
DA:52,9
DA:57,9
DA:58,3
DA:59,3
DA:60,3
DA:63,6
DA:64,6
DA:65,6
DA:67,0
DA:68,0
DA:70,0
DA:71,0
DA:75,0
DA:76,0
DA:82,3
DA:83,3
DA:84,3
LF:29
LH:21
BRDA:40,0,0,0
BRDA:40,1,0,9
BRDA:40,1,1,9
BRDA:52,2,0,9
BRDA:52,2,1,0
BRDA:53,3,0,9
BRDA:53,3,1,9
BRDA:53,3,2,9
BRDA:57,4,0,3
BRDA:57,4,1,6
BRDA:58,5,0,3
BRDA:58,6,0,3
BRDA:58,6,1,0
BRDA:63,7,0,6
BRF:14
BRH:11
end_of_record
TN:
SF:src\todo\todo.controller.ts
FN:9,(anonymous_0)
FN:31,(anonymous_1)
FN:46,(anonymous_2)
FN:67,(anonymous_3)
FN:100,(anonymous_4)
FN:124,(anonymous_5)
FNF:6
FNH:5
FNDA:1,(anonymous_0)
FNDA:2,(anonymous_1)
FNDA:3,(anonymous_2)
FNDA:3,(anonymous_3)
FNDA:3,(anonymous_4)
FNDA:0,(anonymous_5)
DA:3,3
DA:9,3
DA:10,1
DA:11,1
DA:14,1
DA:15,1
DA:18,1
DA:19,1
DA:20,0
DA:22,1
DA:25,0
DA:31,3
DA:32,2
DA:33,2
DA:34,2
DA:35,0
DA:37,2
DA:41,0
DA:46,3
DA:47,3
DA:50,3
DA:51,3
DA:52,1
DA:55,2
DA:56,2
DA:57,1
DA:59,1
DA:61,0
DA:67,3
DA:68,3
DA:69,3
DA:70,3
DA:71,1
DA:74,2
DA:77,2
DA:78,0
DA:82,2
DA:83,2
DA:84,1
DA:87,1
DA:88,1
DA:89,0
DA:91,1
DA:94,0
DA:100,3
DA:101,3
DA:102,3
DA:103,3
DA:104,1
DA:107,2
DA:108,2
DA:109,1
DA:112,1
DA:113,1
DA:114,0
DA:116,1
DA:119,0
DA:124,3
DA:125,0
DA:126,0
DA:127,0
DA:128,0
DA:131,0
DA:132,0
DA:133,0
DA:135,0
DA:138,0
LF:67
LH:48
BRDA:14,0,0,1
BRDA:19,1,0,0
BRDA:34,2,0,0
BRDA:34,3,0,2
BRDA:34,3,1,2
BRDA:51,4,0,1
BRDA:56,5,0,1
BRDA:70,6,0,1
BRDA:77,7,0,0
BRDA:83,8,0,1
BRDA:88,9,0,0
BRDA:103,10,0,1
BRDA:108,11,0,1
BRDA:113,12,0,0
BRDA:127,13,0,0
BRDA:132,14,0,0
BRDA:132,15,0,0
BRDA:132,15,1,0
BRF:18
BRH:9
end_of_record
TN:
SF:src\todo\todo.router.ts
FN:8,(anonymous_0)
FN:12,(anonymous_1)
FN:24,(anonymous_2)
FN:36,(anonymous_3)
FN:48,(anonymous_4)
FN:60,(anonymous_5)
FN:70,(anonymous_6)
FNF:7
FNH:6
FNDA:3,(anonymous_0)
FNDA:1,(anonymous_1)
FNDA:2,(anonymous_2)
FNDA:3,(anonymous_3)
FNDA:3,(anonymous_4)
FNDA:3,(anonymous_5)
FNDA:0,(anonymous_6)
DA:3,3
DA:4,3
DA:8,3
DA:10,3
DA:13,1
DA:14,1
DA:16,0
DA:22,3
DA:25,2
DA:26,2
DA:28,0
DA:34,3
DA:37,3
DA:38,3
DA:40,0
DA:46,3
DA:49,3
DA:50,3
DA:52,0
DA:58,3
DA:61,3
DA:62,3
DA:64,0
DA:68,3
DA:71,0
DA:72,0
DA:74,0
DA:82,3
LF:28
LH:20
BRF:0
BRH:0
end_of_record
TN:
SF:src\todo\todo.service.ts
FN:8,(anonymous_1)
FN:17,(anonymous_2)
FN:23,(anonymous_3)
FN:31,(anonymous_4)
FN:37,(anonymous_5)
FN:43,(anonymous_6)
FNF:6
FNH:5
FNDA:3,(anonymous_1)
FNDA:4,(anonymous_2)
FNDA:8,(anonymous_3)
FNDA:2,(anonymous_4)
FNDA:2,(anonymous_5)
FNDA:0,(anonymous_6)
DA:1,4
DA:2,4
DA:3,4
DA:8,4
DA:9,3
DA:10,3
DA:11,2
DA:13,1
DA:17,4
DA:18,4
DA:19,4
DA:23,4
DA:24,8
DA:27,8
DA:31,4
DA:32,2
DA:33,2
DA:37,4
DA:38,2
DA:39,2
DA:43,4
DA:44,0
DA:47,0
LF:23
LH:21
BRDA:10,0,0,2
BRF:1
BRH:1
end_of_record
